<?xml version="1.0"?><testsuites><testsuite errors="0" failures="0" name="Elixir.ZmqExTest" tests="1" time="0.00"><testcase classname="Elixir.ZmqExTest" name="test version" time="0.00"/></testsuite></testsuites>